<?xml version="1.0" encoding="UTF-8"?>
<testng-results skipped="0" failed="0" ignored="0" total="1" passed="1">
  <reporter-output>
  </reporter-output>
  <suite name="Default suite" duration-ms="58412" started-at="2017-07-10T00:51:19Z" finished-at="2017-07-10T00:52:18Z">
    <groups>
    </groups>
    <test name="Default test" duration-ms="58412" started-at="2017-07-10T00:51:19Z" finished-at="2017-07-10T00:52:18Z">
      <class name="PaymentE2E.BrowerMobProxyClass">
        <test-method status="PASS" signature="setUp()[pri:0, instance:PaymentE2E.BrowerMobProxyClass@14bf9759]" name="setUp" is-config="true" duration-ms="13195" started-at="2017-07-10T10:51:19Z" finished-at="2017-07-10T10:51:33Z">
          <reporter-output>
          </reporter-output>
        </test-method> <!-- setUp -->
        <test-method status="PASS" signature="testHTTPRequestResponse()[pri:0, instance:PaymentE2E.BrowerMobProxyClass@14bf9759]" name="testHTTPRequestResponse" duration-ms="40860" started-at="2017-07-10T10:51:33Z" finished-at="2017-07-10T10:52:14Z">
          <reporter-output>
          </reporter-output>
        </test-method> <!-- testHTTPRequestResponse -->
        <test-method status="PASS" signature="tearDown()[pri:0, instance:PaymentE2E.BrowerMobProxyClass@14bf9759]" name="tearDown" is-config="true" duration-ms="4336" started-at="2017-07-10T10:52:14Z" finished-at="2017-07-10T10:52:18Z">
          <reporter-output>
          </reporter-output>
        </test-method> <!-- tearDown -->
      </class> <!-- PaymentE2E.BrowerMobProxyClass -->
    </test> <!-- Default test -->
  </suite> <!-- Default suite -->
</testng-results>
